[CLDL::DV:2287] error @2016-01-22 21:36:26> Route exception: DBD::mysql::st execute failed: You have an error in your SQL syntax; check the manual that corresponds to your MySQL server version for the right syntax to use near 'FROM' at line 2 [for Statement "SELECT 
  FROM "] at /home/fasv/apps/CLDL/bin/../lib/CLDL/DV.pm line 293. in /home/jbilemjian/perl5/perlbrew/perls/perl-5.16.3/lib/site_perl/5.16.3/Dancer2/Core/App.pm l. 1288
[CLDL::DV:2292] error @2016-01-22 21:38:26> Route exception: DBD::mysql::st execute failed: You have an error in your SQL syntax; check the manual that corresponds to your MySQL server version for the right syntax to use near 'FROM' at line 2 [for Statement "SELECT 
  FROM "] at /home/fasv/apps/CLDL/bin/../lib/CLDL/DV.pm line 293. in /home/jbilemjian/perl5/perlbrew/perls/perl-5.16.3/lib/site_perl/5.16.3/Dancer2/Core/App.pm l. 1288
[CLDL::DV:14410] error @2016-02-05 00:47:58> Route exception: DBD::mysql::st execute failed: You have an error in your SQL syntax; check the manual that corresponds to your MySQL server version for the right syntax to use near 'FROM' at line 2 [for Statement "SELECT 
  FROM "] at /home/fasv/apps/CLDL/bin/../lib/CLDL/DV.pm line 293. in /home/jbilemjian/perl5/perlbrew/perls/perl-5.16.3/lib/site_perl/5.16.3/Dancer2/Core/App.pm l. 1288
[CLDL::DV:14410] error @2016-02-05 00:48:11> Route exception: DBD::mysql::st execute failed: You have an error in your SQL syntax; check the manual that corresponds to your MySQL server version for the right syntax to use near 'FROM' at line 2 [for Statement "SELECT 
  FROM "] at /home/fasv/apps/CLDL/bin/../lib/CLDL/DV.pm line 293. in /home/jbilemjian/perl5/perlbrew/perls/perl-5.16.3/lib/site_perl/5.16.3/Dancer2/Core/App.pm l. 1288
[CLDL::DV:14410] error @2016-02-07 18:56:15> Route exception: DBD::mysql::st execute failed: called with 1 bind variables when 2 are needed [for Statement " SELECT dv_id,
                    dv_name,
                    dv_db_table,
                    dv_type,
                    dv_title,
                    dt_add,
                    dt_del,
                    dt_edit, 
                    dv_name_add, 
                    dv_name_edit, 
                    dv_select_sql,
                    dv_insert_sql,
                    dv_update_sql,
                    dv_template,
                    dv_js_functions,
                    dv_data_attributes
               FROM cldl_dv
                 WHERE dv_name    = ? 
                       AND (    company_id = ? 
                             OR company_id = 1 )
                       AND active = 1 " with ParamValues: 0=Null!, 1=Null!] at /home/fasv/apps/CLDL/bin/../lib/CLDL/DV.pm line 57. in /home/jbilemjian/perl5/perlbrew/perls/perl-5.16.3/lib/site_perl/5.16.3/Dancer2/Core/App.pm l. 1288
[CLDL::DV:14410] error @2016-02-07 18:56:19> Route exception: DBD::mysql::st execute failed: called with 1 bind variables when 2 are needed [for Statement " SELECT dv_id,
                    dv_name,
                    dv_db_table,
                    dv_type,
                    dv_title,
                    dt_add,
                    dt_del,
                    dt_edit, 
                    dv_name_add, 
                    dv_name_edit, 
                    dv_select_sql,
                    dv_insert_sql,
                    dv_update_sql,
                    dv_template,
                    dv_js_functions,
                    dv_data_attributes
               FROM cldl_dv
                 WHERE dv_name    = ? 
                       AND (    company_id = ? 
                             OR company_id = 1 )
                       AND active = 1 " with ParamValues: 0=Null!, 1=Null!] at /home/fasv/apps/CLDL/bin/../lib/CLDL/DV.pm line 57. in /home/jbilemjian/perl5/perlbrew/perls/perl-5.16.3/lib/site_perl/5.16.3/Dancer2/Core/App.pm l. 1288
[CLDL::Admin::EditMenu:31709] error @2016-02-10 00:22:09> Route exception: Can't locate object method "get_all" via package "parameters" (perhaps you forgot to load "parameters"?) at /home/fasv/apps/CLDL/bin/../lib/CLDL/Admin/EditMenu.pm line 71. in /home/jbilemjian/perl5/perlbrew/perls/perl-5.16.3/lib/site_perl/5.16.3/Dancer2/Core/App.pm l. 1288
[CLDL::Admin::EditMenu:31709] error @2016-02-10 00:22:32> Route exception: Can't locate object method "get_all" via package "parameters" (perhaps you forgot to load "parameters"?) at /home/fasv/apps/CLDL/bin/../lib/CLDL/Admin/EditMenu.pm line 71. in /home/jbilemjian/perl5/perlbrew/perls/perl-5.16.3/lib/site_perl/5.16.3/Dancer2/Core/App.pm l. 1288
[CLDL::Admin::EditMenu:31816] error @2016-02-10 00:46:26> Route exception: Can't call method "get_all" on unblessed reference at /home/fasv/apps/CLDL/bin/../lib/CLDL/Admin/EditMenu.pm line 71. in /home/jbilemjian/perl5/perlbrew/perls/perl-5.16.3/lib/site_perl/5.16.3/Dancer2/Core/App.pm l. 1288
[CLDL::Admin::EditMenu:31816] error @2016-02-10 00:46:51> Route exception: Can't call method "get_all" on unblessed reference at /home/fasv/apps/CLDL/bin/../lib/CLDL/Admin/EditMenu.pm line 71. in /home/jbilemjian/perl5/perlbrew/perls/perl-5.16.3/lib/site_perl/5.16.3/Dancer2/Core/App.pm l. 1288
[CLDL::Admin::EditMenu:6173] error @2016-02-11 19:38:28> Route exception: DBD::mysql::st execute failed: Cannot add or update a child row: a foreign key constraint fails (`cldl`.`cldl_menu`, CONSTRAINT `cldl_menu_ibfk_1` FOREIGN KEY (`pmenu_id`) REFERENCES `cldl_menu` (`menu_id`) ON DELETE CASCADE ON UPDATE CASCADE) [for Statement "UPDATE cldl_menu
                  SET pmenu_id = ?,
                      ordr     = ?
                    WHERE menu_id = ?" with ParamValues: 0=0, 1=0, 2='1'] at /home/fasv/apps/CLDL/bin/../lib/CLDL/Admin/EditMenu.pm line 105. in /home/jbilemjian/perl5/perlbrew/perls/perl-5.16.3/lib/site_perl/5.16.3/Dancer2/Core/App.pm l. 1288
[CLDL::Admin::EditMenu:6248] error @2016-02-11 19:40:18> Route exception: DBD::mysql::st execute failed: Cannot add or update a child row: a foreign key constraint fails (`cldl`.`cldl_menu`, CONSTRAINT `cldl_menu_ibfk_1` FOREIGN KEY (`pmenu_id`) REFERENCES `cldl_menu` (`menu_id`) ON DELETE CASCADE ON UPDATE CASCADE) [for Statement "UPDATE cldl_menu
                  SET pmenu_id = ?,
                      ordr     = ?
                    WHERE menu_id = ?" with ParamValues: 0=0, 1=0, 2='1'] at /home/fasv/apps/CLDL/bin/../lib/CLDL/Admin/EditMenu.pm line 107. in /home/jbilemjian/perl5/perlbrew/perls/perl-5.16.3/lib/site_perl/5.16.3/Dancer2/Core/App.pm l. 1288
[CLDL::Admin::EditMenu:6256] error @2016-02-11 19:41:47> Route exception: DBD::mysql::st execute failed: Cannot add or update a child row: a foreign key constraint fails (`cldl`.`cldl_menu`, CONSTRAINT `cldl_menu_ibfk_1` FOREIGN KEY (`pmenu_id`) REFERENCES `cldl_menu` (`menu_id`) ON DELETE CASCADE ON UPDATE CASCADE) [for Statement "UPDATE cldl_menu
                  SET pmenu_id = ?,
                      ordr     = ?
                    WHERE menu_id = ?" with ParamValues: 0=0, 1=0, 2='1'] at /home/fasv/apps/CLDL/bin/../lib/CLDL/Admin/EditMenu.pm line 108. in /home/jbilemjian/perl5/perlbrew/perls/perl-5.16.3/lib/site_perl/5.16.3/Dancer2/Core/App.pm l. 1288
[CLDL::Admin::EditMenu:6278] error @2016-02-11 19:47:04> Route exception: DBD::mysql::st execute failed: Cannot add or update a child row: a foreign key constraint fails (`cldl`.`cldl_menu`, CONSTRAINT `cldl_menu_ibfk_1` FOREIGN KEY (`pmenu_id`) REFERENCES `cldl_menu` (`menu_id`) ON DELETE CASCADE ON UPDATE CASCADE) [for Statement "UPDATE cldl_menu
                  SET pmenu_id = ?,
                      ordr     = ?
                    WHERE menu_id = ?" with ParamValues: 0=0, 1=0, 2='1'] at /home/fasv/apps/CLDL/bin/../lib/CLDL/Admin/EditMenu.pm line 109. in /home/jbilemjian/perl5/perlbrew/perls/perl-5.16.3/lib/site_perl/5.16.3/Dancer2/Core/App.pm l. 1288
[CLDL::Admin::EditMenu:6409] error @2016-02-11 20:38:44> Route exception: DBD::mysql::st execute failed: Cannot add or update a child row: a foreign key constraint fails (`cldl`.`cldl_menu`, CONSTRAINT `cldl_menu_ibfk_1` FOREIGN KEY (`pmenu_id`) REFERENCES `cldl_menu` (`menu_id`) ON DELETE CASCADE ON UPDATE CASCADE) [for Statement "UPDATE cldl_menu
                  SET pmenu_id = ?,
                      ordr     = ?
                    WHERE menu_id = ?" with ParamValues: 0='', 1=0, 2='1'] at /home/fasv/apps/CLDL/bin/../lib/CLDL/Admin/EditMenu.pm line 109. in /home/jbilemjian/perl5/perlbrew/perls/perl-5.16.3/lib/site_perl/5.16.3/Dancer2/Core/App.pm l. 1288
[CLDL::DV:6524] error @2016-02-11 21:29:32> Route exception: DBD::mysql::st execute failed: You have an error in your SQL syntax; check the manual that corresponds to your MySQL server version for the right syntax to use near 'FROM cldl_menu WHERE  = '1'' at line 2 [for Statement "SELECT 
  FROM cldl_menu WHERE  = ? " with ParamValues: 0="1"] at /home/fasv/apps/CLDL/bin/../lib/CLDL/DV.pm line 248. in /home/jbilemjian/perl5/perlbrew/perls/perl-5.16.3/lib/site_perl/5.16.3/Dancer2/Core/App.pm l. 1288
[CLDL::DV:6524] error @2016-02-11 21:29:54> Route exception: DBD::mysql::st execute failed: You have an error in your SQL syntax; check the manual that corresponds to your MySQL server version for the right syntax to use near 'FROM cldl_menu' at line 2 [for Statement "SELECT 
  FROM cldl_menu"] at /home/fasv/apps/CLDL/bin/../lib/CLDL/DV.pm line 293. in /home/jbilemjian/perl5/perlbrew/perls/perl-5.16.3/lib/site_perl/5.16.3/Dancer2/Core/App.pm l. 1288
[CLDL::Admin::DVFromtable:9981] error @2016-02-12 22:31:53> Route exception: Can't get a database connection without settings supplied!
Please check you've supplied settings in config as per the Dancer::Plugin::Database documentation at /home/jbilemjian/perl5/perlbrew/perls/perl-5.16.3/lib/site_perl/5.16.3/Dancer/Plugin/Database/Core.pm line 193. in /home/jbilemjian/perl5/perlbrew/perls/perl-5.16.3/lib/site_perl/5.16.3/Dancer2/Core/App.pm l. 1288
[CLDL::Admin::Config:10341] error @2016-02-12 23:51:43> Route exception: Failed to render template: file error - config.tt: not found at /home/jbilemjian/perl5/perlbrew/perls/perl-5.16.3/lib/site_perl/5.16.3/Dancer2/Core/Role/Template.pm line 132. in /home/jbilemjian/perl5/perlbrew/perls/perl-5.16.3/lib/site_perl/5.16.3/Dancer2/Core/App.pm l. 1288
[CLDL::Admin::Config:10410] error @2016-02-12 23:51:55> Route exception: Failed to render template: file error - admin/config.tt: not found at /home/jbilemjian/perl5/perlbrew/perls/perl-5.16.3/lib/site_perl/5.16.3/Dancer2/Core/Role/Template.pm line 132. in /home/jbilemjian/perl5/perlbrew/perls/perl-5.16.3/lib/site_perl/5.16.3/Dancer2/Core/App.pm l. 1288
[CLDL::Admin::Config:10441] error @2016-02-12 23:54:03> Route exception: Failed to render template: file error - admin/config.tt: not found at /home/jbilemjian/perl5/perlbrew/perls/perl-5.16.3/lib/site_perl/5.16.3/Dancer2/Core/Role/Template.pm line 132. in /home/jbilemjian/perl5/perlbrew/perls/perl-5.16.3/lib/site_perl/5.16.3/Dancer2/Core/App.pm l. 1288
[CLDL::Admin::Config:10441] error @2016-02-12 23:54:35> Route exception: Failed to render template: file error - admin/config.tt: not found at /home/jbilemjian/perl5/perlbrew/perls/perl-5.16.3/lib/site_perl/5.16.3/Dancer2/Core/Role/Template.pm line 132. in /home/jbilemjian/perl5/perlbrew/perls/perl-5.16.3/lib/site_perl/5.16.3/Dancer2/Core/App.pm l. 1288
[CLDL::Admin::DVFromtable:24023] error @2016-02-13 22:06:08> Route exception: Can't get a database connection without settings supplied!
Please check you've supplied settings in config as per the Dancer::Plugin::Database documentation at /home/jbilemjian/perl5/perlbrew/perls/perl-5.16.3/lib/site_perl/5.16.3/Dancer/Plugin/Database/Core.pm line 193. in /home/jbilemjian/perl5/perlbrew/perls/perl-5.16.3/lib/site_perl/5.16.3/Dancer2/Core/App.pm l. 1288
[CLDL::Admin::DVFromtable:24023] error @2016-02-13 22:06:19> Route exception: Can't get a database connection without settings supplied!
Please check you've supplied settings in config as per the Dancer::Plugin::Database documentation at /home/jbilemjian/perl5/perlbrew/perls/perl-5.16.3/lib/site_perl/5.16.3/Dancer/Plugin/Database/Core.pm line 193. in /home/jbilemjian/perl5/perlbrew/perls/perl-5.16.3/lib/site_perl/5.16.3/Dancer2/Core/App.pm l. 1288
[CLDL::Admin::DVFromtable:24035] error @2016-02-13 22:11:56> Route exception: Can't get a database connection without settings supplied!
Please check you've supplied settings in config as per the Dancer::Plugin::Database documentation at /home/jbilemjian/perl5/perlbrew/perls/perl-5.16.3/lib/site_perl/5.16.3/Dancer/Plugin/Database/Core.pm line 193. in /home/jbilemjian/perl5/perlbrew/perls/perl-5.16.3/lib/site_perl/5.16.3/Dancer2/Core/App.pm l. 1288
[CLDL::Admin::DVFromtable:24118] error @2016-02-13 22:23:27> Route exception: DBD::mysql::st execute failed: Column 'company_id' cannot be null [for Statement "INSERT INTO cldl_dv 
               ( company_id, dv_db_table, dv_name, dv_title, 
                  dv_data_attributes ) 
                 VALUES 
               ( ?, ?, ?, ?, ? )" with ParamValues: 0=undef, 1="cldl_menu", 2="add_edit_cldl_menu", 3="Menu Item Add/Edit", 4=undef] at /home/fasv/apps/CLDL/bin/../lib/CLDL/Admin/DVFromtable.pm line 36. in /home/jbilemjian/perl5/perlbrew/perls/perl-5.16.3/lib/site_perl/5.16.3/Dancer2/Core/App.pm l. 1288
[CLDL::DV:24135] error @2016-02-14 09:50:49> Route exception: DBD::mysql::st execute failed: You have an error in your SQL syntax; check the manual that corresponds to your MySQL server version for the right syntax to use near 'FROM cldl_dvf' at line 2 [for Statement "SELECT 
  FROM cldl_dvf"] at /home/fasv/apps/CLDL/bin/../lib/CLDL/DV.pm line 293. in /home/jbilemjian/perl5/perlbrew/perls/perl-5.16.3/lib/site_perl/5.16.3/Dancer2/Core/App.pm l. 1288
[CLDL::DV:24135] error @2016-02-14 09:51:14> Route exception: DBD::mysql::st execute failed: You have an error in your SQL syntax; check the manual that corresponds to your MySQL server version for the right syntax to use near 'FROM cldl_dvf' at line 2 [for Statement "SELECT 
  FROM cldl_dvf"] at /home/fasv/apps/CLDL/bin/../lib/CLDL/DV.pm line 293. in /home/jbilemjian/perl5/perlbrew/perls/perl-5.16.3/lib/site_perl/5.16.3/Dancer2/Core/App.pm l. 1288
[CLDL::DV:24135] error @2016-02-14 09:56:32> Route exception: DBD::mysql::st execute failed: You have an error in your SQL syntax; check the manual that corresponds to your MySQL server version for the right syntax to use near 'FROM cldl_dvf' at line 2 [for Statement "SELECT 
  FROM cldl_dvf"] at /home/fasv/apps/CLDL/bin/../lib/CLDL/DV.pm line 293. in /home/jbilemjian/perl5/perlbrew/perls/perl-5.16.3/lib/site_perl/5.16.3/Dancer2/Core/App.pm l. 1288
[CLDL::DV:24135] error @2016-02-14 10:01:08> Route exception: DBD::mysql::st execute failed: You have an error in your SQL syntax; check the manual that corresponds to your MySQL server version for the right syntax to use near 'FROM cldl_dvf' at line 2 [for Statement "SELECT 
  FROM cldl_dvf"] at /home/fasv/apps/CLDL/bin/../lib/CLDL/DV.pm line 293. in /home/jbilemjian/perl5/perlbrew/perls/perl-5.16.3/lib/site_perl/5.16.3/Dancer2/Core/App.pm l. 1288
[CLDL::DV:16742] error @2016-02-18 22:57:52> Route exception: DBD::mysql::st execute failed: called with 1 bind variables when 2 are needed [for Statement " SELECT dv_id,
                    dv_name,
                    dv_db_table,
                    dv_type,
                    dv_title,
                    dt_add,
                    dt_del,
                    dt_edit, 
                    dv_name_add, 
                    dv_name_edit, 
                    dv_select_sql,
                    dv_insert_sql,
                    dv_update_sql,
                    dv_template,
                    dv_js_functions,
                    dv_data_attributes
               FROM cldl_dv
                 WHERE dv_name    = ? 
                       AND (    company_id = ? 
                             OR company_id = 1 )
                       AND active = 1 " with ParamValues: 0=Null!, 1=Null!] at /home/fasv/apps/CLDL/bin/../lib/CLDL/DV.pm line 57. in /home/jbilemjian/perl5/perlbrew/perls/perl-5.16.3/lib/site_perl/5.16.3/Dancer2/Core/App.pm l. 1288
[CLDL::DV:16742] error @2016-02-18 22:58:10> Route exception: DBD::mysql::st execute failed: called with 1 bind variables when 2 are needed [for Statement " SELECT dv_id,
                    dv_name,
                    dv_db_table,
                    dv_type,
                    dv_title,
                    dt_add,
                    dt_del,
                    dt_edit, 
                    dv_name_add, 
                    dv_name_edit, 
                    dv_select_sql,
                    dv_insert_sql,
                    dv_update_sql,
                    dv_template,
                    dv_js_functions,
                    dv_data_attributes
               FROM cldl_dv
                 WHERE dv_name    = ? 
                       AND (    company_id = ? 
                             OR company_id = 1 )
                       AND active = 1 " with ParamValues: 0=Null!, 1=Null!] at /home/fasv/apps/CLDL/bin/../lib/CLDL/DV.pm line 57. in /home/jbilemjian/perl5/perlbrew/perls/perl-5.16.3/lib/site_perl/5.16.3/Dancer2/Core/App.pm l. 1288
[CLDL::DV:16742] error @2016-02-18 23:06:31> Route exception: DBD::mysql::st execute failed: You have an error in your SQL syntax; check the manual that corresponds to your MySQL server version for the right syntax to use near 'FROM' at line 2 [for Statement "SELECT 
  FROM "] at /home/fasv/apps/CLDL/bin/../lib/CLDL/DV.pm line 293. in /home/jbilemjian/perl5/perlbrew/perls/perl-5.16.3/lib/site_perl/5.16.3/Dancer2/Core/App.pm l. 1288
[CLDL::DV:16742] error @2016-02-18 23:06:48> Route exception: DBD::mysql::st execute failed: You have an error in your SQL syntax; check the manual that corresponds to your MySQL server version for the right syntax to use near 'FROM' at line 2 [for Statement "SELECT 
  FROM "] at /home/fasv/apps/CLDL/bin/../lib/CLDL/DV.pm line 293. in /home/jbilemjian/perl5/perlbrew/perls/perl-5.16.3/lib/site_perl/5.16.3/Dancer2/Core/App.pm l. 1288
[CLDL::DV:32091] error @2016-05-19 21:42:07> Route exception: DBD::mysql::st execute failed: You have an error in your SQL syntax; check the manual that corresponds to your MySQL server version for the right syntax to use near 'FROM' at line 2 [for Statement "SELECT 
  FROM "] at /home/fasv/apps/CLDL/bin/../lib/CLDL/DV.pm line 256. in /home/jbilemjian/perl5/perlbrew/perls/perl-5.16.3/lib/site_perl/5.16.3/Dancer2/Core/App.pm l. 1288
[CLDL::DV:32143] error @2016-05-19 21:52:47> Route exception: DBD::mysql::st execute failed: You have an error in your SQL syntax; check the manual that corresponds to your MySQL server version for the right syntax to use near 'FROM' at line 2 [for Statement "SELECT 
  FROM "] at /home/fasv/apps/CLDL/bin/../lib/CLDL/DV.pm line 256. in /home/jbilemjian/perl5/perlbrew/perls/perl-5.16.3/lib/site_perl/5.16.3/Dancer2/Core/App.pm l. 1288
[CLDL::DV:32143] error @2016-05-19 21:52:56> Route exception: DBD::mysql::st execute failed: You have an error in your SQL syntax; check the manual that corresponds to your MySQL server version for the right syntax to use near 'FROM' at line 2 [for Statement "SELECT 
  FROM "] at /home/fasv/apps/CLDL/bin/../lib/CLDL/DV.pm line 256. in /home/jbilemjian/perl5/perlbrew/perls/perl-5.16.3/lib/site_perl/5.16.3/Dancer2/Core/App.pm l. 1288
[CLDL::DV:32287] error @2016-05-19 22:19:36> Route exception: DBD::mysql::st execute failed: You have an error in your SQL syntax; check the manual that corresponds to your MySQL server version for the right syntax to use near 'FROM' at line 2 [for Statement "SELECT 
  FROM "] at /home/fasv/apps/CLDL/bin/../lib/CLDL/DV.pm line 256. in /home/jbilemjian/perl5/perlbrew/perls/perl-5.16.3/lib/site_perl/5.16.3/Dancer2/Core/App.pm l. 1288
[CLDL::Admin::EditMenu:21516] error @2016-05-23 06:47:19> Route exception: Failed to render template: file error - cldl/includes/js/cldl_messages.js: not found at /home/jbilemjian/perl5/perlbrew/perls/perl-5.16.3/lib/site_perl/5.16.3/Dancer2/Core/Role/Template.pm line 122. in /home/jbilemjian/perl5/perlbrew/perls/perl-5.16.3/lib/site_perl/5.16.3/Dancer2/Core/App.pm l. 1288
[CLDL::Admin::EditMenu:24081] error @2016-05-23 06:47:43> Route exception: Failed to render template: file error - cldl/includes/js/cldl_messages.js: not found at /home/jbilemjian/perl5/perlbrew/perls/perl-5.16.3/lib/site_perl/5.16.3/Dancer2/Core/Role/Template.pm line 122. in /home/jbilemjian/perl5/perlbrew/perls/perl-5.16.3/lib/site_perl/5.16.3/Dancer2/Core/App.pm l. 1288
[CLDL::Admin::EditMenu:26301] error @2016-05-23 16:55:02> Route exception: Failed to render template: file error - cldl/includes/js/cldl_messages.js: not found at /home/jbilemjian/perl5/perlbrew/perls/perl-5.16.3/lib/site_perl/5.16.3/Dancer2/Core/Role/Template.pm line 122. in /home/jbilemjian/perl5/perlbrew/perls/perl-5.16.3/lib/site_perl/5.16.3/Dancer2/Core/App.pm l. 1288
[CLDL::Admin::EditMenu:26366] error @2016-05-23 17:01:55> Route exception: Failed to render template: file error - cldl/includes/js/cldl_messages.js: not found at /home/jbilemjian/perl5/perlbrew/perls/perl-5.16.3/lib/site_perl/5.16.3/Dancer2/Core/Role/Template.pm line 122. in /home/jbilemjian/perl5/perlbrew/perls/perl-5.16.3/lib/site_perl/5.16.3/Dancer2/Core/App.pm l. 1288
[CLDL::Admin::EditMenu:26366] error @2016-05-23 17:18:05> Route exception: Failed to render template: file error - cldl/menu.tt: not found at /home/jbilemjian/perl5/perlbrew/perls/perl-5.16.3/lib/site_perl/5.16.3/Dancer2/Core/Role/Template.pm line 122. in /home/jbilemjian/perl5/perlbrew/perls/perl-5.16.3/lib/site_perl/5.16.3/Dancer2/Core/App.pm l. 1288
[CLDL:26604] error @2016-05-23 17:43:33> Exception caught in 'core.app.before_request' filter: Hook error: Can't modify non-lvalue subroutine call at /home/fasv/apps/CLDL/bin/../lib/CLDL.pm line 59.
 at /home/jbilemjian/perl5/perlbrew/perls/perl-5.16.3/lib/site_perl/5.16.3/Dancer2/Core/App.pm line 971. in /home/jbilemjian/perl5/perlbrew/perls/perl-5.16.3/lib/site_perl/5.16.3/Dancer2/Core/App.pm l. 526
[CLDL:26604] error @2016-05-23 17:43:33> Route exception: Exception caught in 'core.app.before_request' filter: Hook error: Can't modify non-lvalue subroutine call at /home/fasv/apps/CLDL/bin/../lib/CLDL.pm line 59.
 at /home/jbilemjian/perl5/perlbrew/perls/perl-5.16.3/lib/site_perl/5.16.3/Dancer2/Core/App.pm line 971.
 at /home/jbilemjian/perl5/perlbrew/perls/perl-5.16.3/lib/site_perl/5.16.3/Dancer2/Core/Role/Hookable.pm line 115. in /home/jbilemjian/perl5/perlbrew/perls/perl-5.16.3/lib/site_perl/5.16.3/Dancer2/Core/App.pm l. 1288
[CLDL:26604] error @2016-05-23 17:44:16> Exception caught in 'core.app.before_request' filter: Hook error: Can't modify non-lvalue subroutine call at /home/fasv/apps/CLDL/bin/../lib/CLDL.pm line 59.
 at /home/jbilemjian/perl5/perlbrew/perls/perl-5.16.3/lib/site_perl/5.16.3/Dancer2/Core/App.pm line 971. in /home/jbilemjian/perl5/perlbrew/perls/perl-5.16.3/lib/site_perl/5.16.3/Dancer2/Core/App.pm l. 526
[CLDL:26604] error @2016-05-23 17:44:16> Route exception: Exception caught in 'core.app.before_request' filter: Hook error: Can't modify non-lvalue subroutine call at /home/fasv/apps/CLDL/bin/../lib/CLDL.pm line 59.
 at /home/jbilemjian/perl5/perlbrew/perls/perl-5.16.3/lib/site_perl/5.16.3/Dancer2/Core/App.pm line 971.
 at /home/jbilemjian/perl5/perlbrew/perls/perl-5.16.3/lib/site_perl/5.16.3/Dancer2/Core/Role/Hookable.pm line 115. in /home/jbilemjian/perl5/perlbrew/perls/perl-5.16.3/lib/site_perl/5.16.3/Dancer2/Core/App.pm l. 1288
[CLDL:26660] error @2016-05-23 17:47:01> Exception caught in 'core.app.before_request' filter: Hook error: Can't modify non-lvalue subroutine call at /home/fasv/apps/CLDL/bin/../lib/CLDL.pm line 59.
 at /home/jbilemjian/perl5/perlbrew/perls/perl-5.16.3/lib/site_perl/5.16.3/Dancer2/Core/App.pm line 971. in /home/jbilemjian/perl5/perlbrew/perls/perl-5.16.3/lib/site_perl/5.16.3/Dancer2/Core/App.pm l. 526
[CLDL:26660] error @2016-05-23 17:47:01> Route exception: Exception caught in 'core.app.before_request' filter: Hook error: Can't modify non-lvalue subroutine call at /home/fasv/apps/CLDL/bin/../lib/CLDL.pm line 59.
 at /home/jbilemjian/perl5/perlbrew/perls/perl-5.16.3/lib/site_perl/5.16.3/Dancer2/Core/App.pm line 971.
 at /home/jbilemjian/perl5/perlbrew/perls/perl-5.16.3/lib/site_perl/5.16.3/Dancer2/Core/Role/Hookable.pm line 115. in /home/jbilemjian/perl5/perlbrew/perls/perl-5.16.3/lib/site_perl/5.16.3/Dancer2/Core/App.pm l. 1288
[CLDL:26660] error @2016-05-23 17:47:11> Exception caught in 'core.app.before_request' filter: Hook error: Can't modify non-lvalue subroutine call at /home/fasv/apps/CLDL/bin/../lib/CLDL.pm line 59.
 at /home/jbilemjian/perl5/perlbrew/perls/perl-5.16.3/lib/site_perl/5.16.3/Dancer2/Core/App.pm line 971. in /home/jbilemjian/perl5/perlbrew/perls/perl-5.16.3/lib/site_perl/5.16.3/Dancer2/Core/App.pm l. 526
[CLDL:26660] error @2016-05-23 17:47:11> Route exception: Exception caught in 'core.app.before_request' filter: Hook error: Can't modify non-lvalue subroutine call at /home/fasv/apps/CLDL/bin/../lib/CLDL.pm line 59.
 at /home/jbilemjian/perl5/perlbrew/perls/perl-5.16.3/lib/site_perl/5.16.3/Dancer2/Core/App.pm line 971.
 at /home/jbilemjian/perl5/perlbrew/perls/perl-5.16.3/lib/site_perl/5.16.3/Dancer2/Core/Role/Hookable.pm line 115. in /home/jbilemjian/perl5/perlbrew/perls/perl-5.16.3/lib/site_perl/5.16.3/Dancer2/Core/App.pm l. 1288
[CLDL::Admin::EditMenu:28159] error @2016-05-23 22:38:13> Route exception: Template did not produce any content at /home/jbilemjian/perl5/perlbrew/perls/perl-5.16.3/lib/site_perl/5.16.3/Dancer2/Core/App.pm line 733. in /home/jbilemjian/perl5/perlbrew/perls/perl-5.16.3/lib/site_perl/5.16.3/Dancer2/Core/App.pm l. 1288
[CLDL::DV:28351] error @2016-05-23 23:16:47> Route exception: Failed to render template: file error - cldl/includes/js/reset.js: not found at /home/jbilemjian/perl5/perlbrew/perls/perl-5.16.3/lib/site_perl/5.16.3/Dancer2/Core/Role/Template.pm line 132. in /home/jbilemjian/perl5/perlbrew/perls/perl-5.16.3/lib/site_perl/5.16.3/Dancer2/Core/App.pm l. 1288
[CLDL::DV:30948] error @2016-05-24 07:42:33> Route exception: DBD::mysql::st execute failed: called with 1 bind variables when 2 are needed [for Statement " SELECT dv_id,
                    dv_name,
                    dv_db_table,
                    dv_type,
                    dv_title,
                    dt_add,
                    dt_del,
                    dt_edit, 
                    dv_name_add, 
                    dv_name_edit, 
                    dv_select_sql,
                    dv_insert_sql,
                    dv_update_sql,
                    dv_template,
                    dv_js_functions,
                    dv_data_attributes
               FROM cldl_dv
                 WHERE dv_name    = ? 
                       AND (    company_id = ? 
                             OR company_id = 1 )
                       AND active = 1 " with ParamValues: 0=Null!, 1=Null!] at /home/fasv/apps/CLDL/bin/../lib/CLDL/DV.pm line 62. in /home/jbilemjian/perl5/perlbrew/perls/perl-5.16.3/lib/site_perl/5.16.3/Dancer2/Core/App.pm l. 1288
[CLDL:15073] error @2016-05-26 21:10:45> Route exception: Undefined subroutine &CLDL::get_menu called at /home/fasv/apps/CLDL/bin/../lib/CLDL.pm line 188. in /home/jbilemjian/perl5/perlbrew/perls/perl-5.16.3/lib/site_perl/5.16.3/Dancer2/Core/App.pm l. 1288
[CLDL:17973] error @2016-05-31 16:45:03> Route exception: Undefined subroutine &CLDL::Meu::get_menu called at /home/fasv/apps/CLDL/bin/../lib/CLDL.pm line 188. in /home/jbilemjian/perl5/perlbrew/perls/perl-5.16.3/lib/site_perl/5.16.3/Dancer2/Core/App.pm l. 1288
[CLDL:17985] error @2016-05-31 16:46:32> Route exception: Can't call method "cookies" on an undefined value at /home/jbilemjian/perl5/perlbrew/perls/perl-5.16.3/lib/site_perl/5.16.3/Dancer2/Core/App.pm line 1050. in /home/jbilemjian/perl5/perlbrew/perls/perl-5.16.3/lib/site_perl/5.16.3/Dancer2/Core/App.pm l. 1288
[CLDL:18006] error @2016-05-31 16:54:17> Route exception: Can't call method "cookies" on an undefined value at /home/jbilemjian/perl5/perlbrew/perls/perl-5.16.3/lib/site_perl/5.16.3/Dancer2/Core/App.pm line 1050. in /home/jbilemjian/perl5/perlbrew/perls/perl-5.16.3/lib/site_perl/5.16.3/Dancer2/Core/App.pm l. 1288
[CLDL:18009] error @2016-05-31 16:59:20> Route exception: Can't call method "cookies" on an undefined value at /home/jbilemjian/perl5/perlbrew/perls/perl-5.16.3/lib/site_perl/5.16.3/Dancer2/Core/App.pm line 1050. in /home/jbilemjian/perl5/perlbrew/perls/perl-5.16.3/lib/site_perl/5.16.3/Dancer2/Core/App.pm l. 1288
[CLDL:18181] error @2016-05-31 17:33:58> Route exception: Can't call method "cookies" on an undefined value at /home/jbilemjian/perl5/perlbrew/perls/perl-5.16.3/lib/site_perl/5.16.3/Dancer2/Core/App.pm line 1050. in /home/jbilemjian/perl5/perlbrew/perls/perl-5.16.3/lib/site_perl/5.16.3/Dancer2/Core/App.pm l. 1288
[CLDL:18184] error @2016-05-31 17:34:28> Route exception: Can't call method "cookies" on an undefined value at /home/jbilemjian/perl5/perlbrew/perls/perl-5.16.3/lib/site_perl/5.16.3/Dancer2/Core/App.pm line 1050. in /home/jbilemjian/perl5/perlbrew/perls/perl-5.16.3/lib/site_perl/5.16.3/Dancer2/Core/App.pm l. 1288
[CLDL:18200] error @2016-05-31 17:39:24> Route exception: Can't call method "cookies" on an undefined value at /home/jbilemjian/perl5/perlbrew/perls/perl-5.16.3/lib/site_perl/5.16.3/Dancer2/Core/App.pm line 1050. in /home/jbilemjian/perl5/perlbrew/perls/perl-5.16.3/lib/site_perl/5.16.3/Dancer2/Core/App.pm l. 1288
